2025-06-01 16:00:13,202 ERROR frappe New Exception collected in error log
Site: erpnext.localhost
Form Dict: {'Employees': [{'Id': '1', 'LastName': 'Rakoto', 'FirstName': 'Alain', 'Gender': 'Masculin', 'HireDate': '2024-04-03T00:00:00', 'BirthDate': '1980-01-01T00:00:00', 'Company': 'My Company'}, {'Id': '2', 'LastName': 'Rasoa', 'FirstName': 'Jeanne', 'Gender': 'Feminin', 'HireDate': '2024-06-08T00:00:00', 'BirthDate': '1990-01-01T00:00:00', 'Company': 'My Company'}], 'SalaryStructures': [{'StructureCode': 'gasy1', 'Name': 'Salaire Base', 'Abbreviation': 'SB', 'Type': 'earning', 'Value': '100%', 'Remark': ''}, {'StructureCode': 'gasy1', 'Name': 'Indemnité', 'Abbreviation': 'IND', 'Type': 'earning', 'Value': '30%', 'Remark': 'salaire base'}, {'StructureCode': 'gasy1', 'Name': 'Taxe sociale', 'Abbreviation': 'TS', 'Type': 'deduction', 'Value': '20%', 'Remark': 'salaire base + indemnité'}], 'SalarySlips': [{'StartDate': '2025-04-01T00:00:00', 'EmployeeId': '1', 'BaseAmount': 1500000, 'StructureCode': 'gasy1'}, {'StartDate': '2025-04-01T00:00:00', 'EmployeeId': '2', 'BaseAmount': 900000, 'StructureCode': 'gasy1'}, {'StartDate': '2025-03-01T00:00:00', 'EmployeeId': '1', 'BaseAmount': 1600000, 'StructureCode': 'gasy1'}, {'StartDate': '2025-03-01T00:00:00', 'EmployeeId': '2', 'BaseAmount': 900000, 'StructureCode': 'gasy1'}], 'cmd': 'custom_app.api.import_bulk_data.import_bulk_data'}
2025-06-01 16:00:32,528 ERROR frappe New Exception collected in error log
Site: erpnext.localhost
Form Dict: {'Employees': [{'Id': '1', 'LastName': 'Rakoto', 'FirstName': 'Alain', 'Gender': 'Masculin', 'HireDate': '2024-04-03T00:00:00', 'BirthDate': '1980-01-01T00:00:00', 'Company': 'My Company'}, {'Id': '2', 'LastName': 'Rasoa', 'FirstName': 'Jeanne', 'Gender': 'Feminin', 'HireDate': '2024-06-08T00:00:00', 'BirthDate': '1990-01-01T00:00:00', 'Company': 'My Company'}], 'SalaryStructures': [{'StructureCode': 'gasy1', 'Name': 'Salaire Base', 'Abbreviation': 'SB', 'Type': 'earning', 'Value': '100%', 'Remark': ''}, {'StructureCode': 'gasy1', 'Name': 'Indemnité', 'Abbreviation': 'IND', 'Type': 'earning', 'Value': '30%', 'Remark': 'salaire base'}, {'StructureCode': 'gasy1', 'Name': 'Taxe sociale', 'Abbreviation': 'TS', 'Type': 'deduction', 'Value': '20%', 'Remark': 'salaire base + indemnité'}], 'SalarySlips': [{'StartDate': '2025-04-01T00:00:00', 'EmployeeId': '1', 'BaseAmount': 1500000, 'StructureCode': 'gasy1'}, {'StartDate': '2025-04-01T00:00:00', 'EmployeeId': '2', 'BaseAmount': 900000, 'StructureCode': 'gasy1'}, {'StartDate': '2025-03-01T00:00:00', 'EmployeeId': '1', 'BaseAmount': 1600000, 'StructureCode': 'gasy1'}, {'StartDate': '2025-03-01T00:00:00', 'EmployeeId': '2', 'BaseAmount': 900000, 'StructureCode': 'gasy1'}], 'cmd': 'custom_app.api.import_bulk_data.import_bulk_data'}
2025-06-01 16:07:51,838 ERROR frappe New Exception collected in error log
Site: erpnext.localhost
Form Dict: {}
2025-06-02 20:39:32,138 ERROR frappe New Exception collected in error log
Site: erpnext.localhost
Form Dict: {'fields': ['name', 'employee', 'employee_name', 'company', 'posting_date', 'start_date', 'end_date', 'net_pay', 'gross_pay', 'currency', 'status'], 'filters': '[[\\"employee\\",\\"=\\",\\"HR-EMP-00001\\"]]', 'limit_start': '0', 'limit_page_length': '20'}
2025-06-02 20:39:34,811 ERROR frappe New Exception collected in error log
Site: erpnext.localhost
Form Dict: {'fields': ['name', 'employee', 'employee_name', 'company', 'posting_date', 'start_date', 'end_date', 'net_pay', 'gross_pay', 'currency', 'status'], 'filters': '[[\\"employee\\",\\"=\\",\\"HR-EMP-00001\\"]]', 'limit_start': '0', 'limit_page_length': '20'}
2025-06-02 20:39:40,440 ERROR frappe New Exception collected in error log
Site: erpnext.localhost
Form Dict: {'fields': ['name', 'employee', 'employee_name', 'company', 'posting_date', 'start_date', 'end_date', 'net_pay', 'gross_pay', 'currency', 'status'], 'filters': '[[\\"employee\\",\\"=\\",\\"HR-EMP-00001\\"]]', 'limit_start': '0', 'limit_page_length': '20'}
2025-06-02 20:50:23,282 ERROR frappe New Exception collected in error log
Site: erpnext.localhost
Form Dict: {'fields': ['name', 'employee', 'employee_name', 'company', 'posting_date', 'start_date', 'end_date', 'net_pay', 'gross_pay', 'currency', 'status'], 'filters': '[[\\"employee\\",\\"=\\",\\"HR-EMP-00003\\"]]', 'limit_start': '0', 'limit_page_length': '20'}
2025-06-02 21:24:47,470 ERROR frappe New Exception collected in error log
Site: erpnext.localhost
Form Dict: {'fields': '["*"]'}
2025-06-02 21:24:54,013 ERROR frappe New Exception collected in error log
Site: erpnext.localhost
Form Dict: {'fields': '["*"]'}
2025-06-02 23:47:59,354 ERROR frappe New Exception collected in error log
Site: erpnext.localhost
Form Dict: {'fields': ['name', 'employee', 'employee_name', 'company', 'posting_date', 'start_date', 'end_date', 'net_pay', 'gross_pay', 'currency', 'status'], 'filters': '[["employee","=","HR-EMP-00003"]]', 'or_filters': 'MONTH(start_date) = 1', 'limit_page_length': 20}
